<?xml version="1.0" encoding="UTF-8"?>
<coverage generated="1749076268089" clover="3.2.0">
  <project timestamp="1749076268089" name="All files">
    <metrics statements="49" coveredstatements="43" conditionals="24" coveredconditionals="18" methods="10" coveredmethods="10" elements="83" coveredelements="71" complexity="0" loc="49" ncloc="49" packages="3" files="5" classes="5"/>
    <package name="src">
      <metrics statements="24" coveredstatements="20" conditionals="7" coveredconditionals="5" methods="4" coveredmethods="4"/>
      <file name="genDiff.js" path="/mnt/d/Users/Juan Correal/Desktop/Proyectos/fullstack-javascript-project-103/src/genDiff.js">
        <metrics statements="20" coveredstatements="17" conditionals="5" coveredconditionals="4" methods="3" coveredmethods="3"/>
        <line num="7" count="1" type="stmt"/>
        <line num="9" count="2" type="stmt"/>
        <line num="10" count="2" type="stmt"/>
        <line num="11" count="2" type="stmt"/>
        <line num="13" count="0" type="stmt"/>
        <line num="14" count="0" type="stmt"/>
        <line num="18" count="2" type="stmt"/>
        <line num="21" count="1" type="stmt"/>
        <line num="22" count="1" type="stmt"/>
        <line num="24" count="1" type="stmt"/>
        <line num="25" count="1" type="stmt"/>
        <line num="28" count="1" type="stmt"/>
        <line num="29" count="1" type="stmt"/>
        <line num="31" count="1" type="cond" truecount="3" falsecount="1"/>
        <line num="32" count="0" type="stmt"/>
        <line num="35" count="1" type="stmt"/>
        <line num="36" count="1" type="stmt"/>
        <line num="38" count="1" type="stmt"/>
        <line num="40" count="1" type="stmt"/>
        <line num="42" count="1" type="stmt"/>
      </file>
      <file name="parsers.js" path="/mnt/d/Users/Juan Correal/Desktop/Proyectos/fullstack-javascript-project-103/src/parsers.js">
        <metrics statements="4" coveredstatements="3" conditionals="2" coveredconditionals="1" methods="1" coveredmethods="1"/>
        <line num="5" count="1" type="stmt"/>
        <line num="6" count="2" type="cond" truecount="1" falsecount="1"/>
        <line num="7" count="2" type="stmt"/>
        <line num="9" count="0" type="stmt"/>
      </file>
    </package>
    <package name="src.formatters">
      <metrics statements="15" coveredstatements="13" conditionals="11" coveredconditionals="7" methods="4" coveredmethods="4"/>
      <file name="index.js" path="/mnt/d/Users/Juan Correal/Desktop/Proyectos/fullstack-javascript-project-103/src/formatters/index.js">
        <metrics statements="4" coveredstatements="3" conditionals="2" coveredconditionals="1" methods="1" coveredmethods="1"/>
        <line num="3" count="1" type="stmt"/>
        <line num="4" count="1" type="cond" truecount="1" falsecount="1"/>
        <line num="6" count="1" type="stmt"/>
        <line num="8" count="0" type="stmt"/>
      </file>
      <file name="stylish.js" path="/mnt/d/Users/Juan Correal/Desktop/Proyectos/fullstack-javascript-project-103/src/formatters/stylish.js">
        <metrics statements="11" coveredstatements="10" conditionals="9" coveredconditionals="6" methods="3" coveredmethods="3"/>
        <line num="1" count="1" type="stmt"/>
        <line num="2" count="1" type="stmt"/>
        <line num="3" count="6" type="cond" truecount="2" falsecount="2"/>
        <line num="8" count="1" type="stmt"/>
        <line num="9" count="5" type="cond" truecount="4" falsecount="1"/>
        <line num="11" count="1" type="stmt"/>
        <line num="13" count="2" type="stmt"/>
        <line num="15" count="1" type="stmt"/>
        <line num="20" count="1" type="stmt"/>
        <line num="22" count="0" type="stmt"/>
        <line num="26" count="1" type="stmt"/>
      </file>
    </package>
    <package name="src.utils">
      <metrics statements="10" coveredstatements="10" conditionals="6" coveredconditionals="6" methods="2" coveredmethods="2"/>
      <file name="diff.js" path="/mnt/d/Users/Juan Correal/Desktop/Proyectos/fullstack-javascript-project-103/src/utils/diff.js">
        <metrics statements="10" coveredstatements="10" conditionals="6" coveredconditionals="6" methods="2" coveredmethods="2"/>
        <line num="1" count="1" type="stmt"/>
        <line num="2" count="1" type="stmt"/>
        <line num="4" count="1" type="stmt"/>
        <line num="5" count="5" type="cond" truecount="2" falsecount="0"/>
        <line num="6" count="1" type="stmt"/>
        <line num="8" count="4" type="cond" truecount="2" falsecount="0"/>
        <line num="9" count="2" type="stmt"/>
        <line num="11" count="2" type="cond" truecount="2" falsecount="0"/>
        <line num="12" count="1" type="stmt"/>
        <line num="14" count="1" type="stmt"/>
      </file>
    </package>
  </project>
</coverage>
