{"/mnt/d/Users/Juan Correal/Desktop/Proyectos/fullstack-javascript-project-103/src/genDiff.js": {"path":"/mnt/d/Users/Juan Correal/Desktop/Proyectos/fullstack-javascript-project-103/src/genDiff.js","statementMap":{"0":{"start":{"line":7,"column":24},"end":{"line":16,"column":1}},"1":{"start":{"line":9,"column":2},"end":{"line":15,"column":3}},"2":{"start":{"line":10,"column":21},"end":{"line":10,"column":58}},"3":{"start":{"line":11,"column":4},"end":{"line":11,"column":46}},"4":{"start":{"line":13,"column":4},"end":{"line":13,"column":69}},"5":{"start":{"line":14,"column":4},"end":{"line":14,"column":16}},"6":{"start":{"line":18,"column":20},"end":{"line":18,"column":71}},"7":{"start":{"line":18,"column":34},"end":{"line":18,"column":71}},"8":{"start":{"line":21,"column":20},"end":{"line":21,"column":38}},"9":{"start":{"line":22,"column":20},"end":{"line":22,"column":38}},"10":{"start":{"line":24,"column":21},"end":{"line":24,"column":74}},"11":{"start":{"line":25,"column":21},"end":{"line":25,"column":74}},"12":{"start":{"line":28,"column":15},"end":{"line":28,"column":34}},"13":{"start":{"line":29,"column":15},"end":{"line":29,"column":34}},"14":{"start":{"line":31,"column":2},"end":{"line":33,"column":3}},"15":{"start":{"line":32,"column":4},"end":{"line":32,"column":48}},"16":{"start":{"line":35,"column":16},"end":{"line":35,"column":39}},"17":{"start":{"line":36,"column":16},"end":{"line":36,"column":39}},"18":{"start":{"line":38,"column":15},"end":{"line":38,"column":36}},"19":{"start":{"line":40,"column":24},"end":{"line":40,"column":58}},"20":{"start":{"line":42,"column":2},"end":{"line":42,"column":23}}},"fnMap":{"0":{"name":"(anonymous_0)","decl":{"start":{"line":7,"column":24},"end":{"line":7,"column":25}},"loc":{"start":{"line":7,"column":38},"end":{"line":16,"column":1}},"line":7},"1":{"name":"(anonymous_1)","decl":{"start":{"line":18,"column":20},"end":{"line":18,"column":21}},"loc":{"start":{"line":18,"column":34},"end":{"line":18,"column":71}},"line":18},"2":{"name":"genDiff","decl":{"start":{"line":20,"column":24},"end":{"line":20,"column":31}},"loc":{"start":{"line":20,"column":70},"end":{"line":43,"column":1}},"line":20}},"branchMap":{"0":{"loc":{"start":{"line":20,"column":46},"end":{"line":20,"column":68}},"type":"default-arg","locations":[{"start":{"line":20,"column":59},"end":{"line":20,"column":68}}],"line":20},"1":{"loc":{"start":{"line":31,"column":2},"end":{"line":33,"column":3}},"type":"if","locations":[{"start":{"line":31,"column":2},"end":{"line":33,"column":3}},{"start":{},"end":{}}],"line":31},"2":{"loc":{"start":{"line":31,"column":6},"end":{"line":31,"column":20}},"type":"binary-expr","locations":[{"start":{"line":31,"column":6},"end":{"line":31,"column":11}},{"start":{"line":31,"column":15},"end":{"line":31,"column":20}}],"line":31}},"s":{"0":1,"1":2,"2":2,"3":2,"4":0,"5":0,"6":1,"7":2,"8":1,"9":1,"10":1,"11":1,"12":1,"13":1,"14":1,"15":0,"16":1,"17":1,"18":1,"19":1,"20":1},"f":{"0":2,"1":2,"2":1},"b":{"0":[1],"1":[0,1],"2":[1,1]},"inputSourceMap":null,"_coverageSchema":"1a1c01bbd47fc00a2c39e90264f33305004495a9","hash":"07f6e82907df34f58386c537bfee8b01ed7681e8"}
,"/mnt/d/Users/Juan Correal/Desktop/Proyectos/fullstack-javascript-project-103/src/parsers.js": {"path":"/mnt/d/Users/Juan Correal/Desktop/Proyectos/fullstack-javascript-project-103/src/parsers.js","statementMap":{"0":{"start":{"line":5,"column":14},"end":{"line":10,"column":1}},"1":{"start":{"line":6,"column":4},"end":{"line":8,"column":5}},"2":{"start":{"line":7,"column":8},"end":{"line":7,"column":35}},"3":{"start":{"line":9,"column":4},"end":{"line":9,"column":50}}},"fnMap":{"0":{"name":"(anonymous_0)","decl":{"start":{"line":5,"column":14},"end":{"line":5,"column":15}},"loc":{"start":{"line":5,"column":37},"end":{"line":10,"column":1}},"line":5}},"branchMap":{"0":{"loc":{"start":{"line":6,"column":4},"end":{"line":8,"column":5}},"type":"if","locations":[{"start":{"line":6,"column":4},"end":{"line":8,"column":5}},{"start":{},"end":{}}],"line":6}},"s":{"0":1,"1":2,"2":2,"3":0},"f":{"0":2},"b":{"0":[2,0]},"inputSourceMap":null,"_coverageSchema":"1a1c01bbd47fc00a2c39e90264f33305004495a9","hash":"2823cb40b48d6df360a7dd700c7f62771eebd489"}
,"/mnt/d/Users/Juan Correal/Desktop/Proyectos/fullstack-javascript-project-103/src/formatters/index.js": {"path":"/mnt/d/Users/Juan Correal/Desktop/Proyectos/fullstack-javascript-project-103/src/formatters/index.js","statementMap":{"0":{"start":{"line":3,"column":15},"end":{"line":10,"column":1}},"1":{"start":{"line":4,"column":2},"end":{"line":9,"column":3}},"2":{"start":{"line":6,"column":6},"end":{"line":6,"column":27}},"3":{"start":{"line":8,"column":6},"end":{"line":8,"column":60}}},"fnMap":{"0":{"name":"(anonymous_0)","decl":{"start":{"line":3,"column":15},"end":{"line":3,"column":16}},"loc":{"start":{"line":3,"column":41},"end":{"line":10,"column":1}},"line":3}},"branchMap":{"0":{"loc":{"start":{"line":4,"column":2},"end":{"line":9,"column":3}},"type":"switch","locations":[{"start":{"line":5,"column":4},"end":{"line":6,"column":27}},{"start":{"line":7,"column":4},"end":{"line":8,"column":60}}],"line":4}},"s":{"0":1,"1":1,"2":1,"3":0},"f":{"0":1},"b":{"0":[1,0]},"inputSourceMap":null,"_coverageSchema":"1a1c01bbd47fc00a2c39e90264f33305004495a9","hash":"9f98b0b3da2fdb75ac2a1ed2c9fe9ce428150049"}
,"/mnt/d/Users/Juan Correal/Desktop/Proyectos/fullstack-javascript-project-103/src/formatters/stylish.js": {"path":"/mnt/d/Users/Juan Correal/Desktop/Proyectos/fullstack-javascript-project-103/src/formatters/stylish.js","statementMap":{"0":{"start":{"line":1,"column":16},"end":{"line":27,"column":1}},"1":{"start":{"line":2,"column":22},"end":{"line":6,"column":3}},"2":{"start":{"line":3,"column":4},"end":{"line":5,"column":30}},"3":{"start":{"line":8,"column":16},"end":{"line":24,"column":4}},"4":{"start":{"line":9,"column":4},"end":{"line":23,"column":5}},"5":{"start":{"line":11,"column":8},"end":{"line":11,"column":51}},"6":{"start":{"line":13,"column":8},"end":{"line":13,"column":51}},"7":{"start":{"line":15,"column":8},"end":{"line":18,"column":10}},"8":{"start":{"line":20,"column":8},"end":{"line":20,"column":51}},"9":{"start":{"line":22,"column":8},"end":{"line":22,"column":49}},"10":{"start":{"line":26,"column":2},"end":{"line":26,"column":37}}},"fnMap":{"0":{"name":"(anonymous_0)","decl":{"start":{"line":1,"column":16},"end":{"line":1,"column":17}},"loc":{"start":{"line":1,"column":26},"end":{"line":27,"column":1}},"line":1},"1":{"name":"(anonymous_1)","decl":{"start":{"line":2,"column":22},"end":{"line":2,"column":23}},"loc":{"start":{"line":2,"column":33},"end":{"line":6,"column":3}},"line":2},"2":{"name":"(anonymous_2)","decl":{"start":{"line":8,"column":29},"end":{"line":8,"column":30}},"loc":{"start":{"line":8,"column":75},"end":{"line":24,"column":3}},"line":8}},"branchMap":{"0":{"loc":{"start":{"line":3,"column":11},"end":{"line":5,"column":29}},"type":"cond-expr","locations":[{"start":{"line":4,"column":8},"end":{"line":4,"column":29}},{"start":{"line":5,"column":8},"end":{"line":5,"column":29}}],"line":3},"1":{"loc":{"start":{"line":3,"column":11},"end":{"line":3,"column":54}},"type":"binary-expr","locations":[{"start":{"line":3,"column":11},"end":{"line":3,"column":36}},{"start":{"line":3,"column":40},"end":{"line":3,"column":54}}],"line":3},"2":{"loc":{"start":{"line":9,"column":4},"end":{"line":23,"column":5}},"type":"switch","locations":[{"start":{"line":10,"column":6},"end":{"line":11,"column":51}},{"start":{"line":12,"column":6},"end":{"line":13,"column":51}},{"start":{"line":14,"column":6},"end":{"line":18,"column":10}},{"start":{"line":19,"column":6},"end":{"line":20,"column":51}},{"start":{"line":21,"column":6},"end":{"line":22,"column":49}}],"line":9}},"s":{"0":1,"1":1,"2":6,"3":1,"4":5,"5":1,"6":2,"7":1,"8":1,"9":0,"10":1},"f":{"0":1,"1":6,"2":5},"b":{"0":[0,6],"1":[6,0],"2":[1,2,1,1,0]},"inputSourceMap":null,"_coverageSchema":"1a1c01bbd47fc00a2c39e90264f33305004495a9","hash":"cfa8d7c6b59f7f6b608219fcacb5b72f03750dda"}
,"/mnt/d/Users/Juan Correal/Desktop/Proyectos/fullstack-javascript-project-103/src/utils/diff.js": {"path":"/mnt/d/Users/Juan Correal/Desktop/Proyectos/fullstack-javascript-project-103/src/utils/diff.js","statementMap":{"0":{"start":{"line":1,"column":16},"end":{"line":16,"column":1}},"1":{"start":{"line":2,"column":15},"end":{"line":2,"column":87}},"2":{"start":{"line":4,"column":2},"end":{"line":15,"column":5}},"3":{"start":{"line":5,"column":4},"end":{"line":7,"column":5}},"4":{"start":{"line":6,"column":6},"end":{"line":6,"column":54}},"5":{"start":{"line":8,"column":4},"end":{"line":10,"column":5}},"6":{"start":{"line":9,"column":6},"end":{"line":9,"column":56}},"7":{"start":{"line":11,"column":4},"end":{"line":13,"column":5}},"8":{"start":{"line":12,"column":6},"end":{"line":12,"column":80}},"9":{"start":{"line":14,"column":4},"end":{"line":14,"column":56}}},"fnMap":{"0":{"name":"(anonymous_0)","decl":{"start":{"line":1,"column":16},"end":{"line":1,"column":17}},"loc":{"start":{"line":1,"column":32},"end":{"line":16,"column":1}},"line":1},"1":{"name":"(anonymous_1)","decl":{"start":{"line":4,"column":18},"end":{"line":4,"column":19}},"loc":{"start":{"line":4,"column":27},"end":{"line":15,"column":3}},"line":4}},"branchMap":{"0":{"loc":{"start":{"line":5,"column":4},"end":{"line":7,"column":5}},"type":"if","locations":[{"start":{"line":5,"column":4},"end":{"line":7,"column":5}},{"start":{},"end":{}}],"line":5},"1":{"loc":{"start":{"line":8,"column":4},"end":{"line":10,"column":5}},"type":"if","locations":[{"start":{"line":8,"column":4},"end":{"line":10,"column":5}},{"start":{},"end":{}}],"line":8},"2":{"loc":{"start":{"line":11,"column":4},"end":{"line":13,"column":5}},"type":"if","locations":[{"start":{"line":11,"column":4},"end":{"line":13,"column":5}},{"start":{},"end":{}}],"line":11}},"s":{"0":1,"1":1,"2":1,"3":5,"4":1,"5":4,"6":2,"7":2,"8":1,"9":1},"f":{"0":1,"1":5},"b":{"0":[1,4],"1":[2,2],"2":[1,1]},"inputSourceMap":null,"_coverageSchema":"1a1c01bbd47fc00a2c39e90264f33305004495a9","hash":"ec01d3b61f08c281bd44b9b26bc6f13da969c39c"}
}
