TN:
SF:src/compare.js
FNF:0
FNH:0
LF:0
LH:0
BRF:0
BRH:0
end_of_record
TN:
SF:src/genDiff.js
FN:7,(anonymous_0)
FN:18,(anonymous_1)
FN:20,genDiff
FNF:3
FNH:3
FNDA:2,(anonymous_0)
FNDA:2,(anonymous_1)
FNDA:1,genDiff
DA:7,1
DA:9,2
DA:10,2
DA:11,2
DA:13,0
DA:14,0
DA:18,2
DA:21,1
DA:22,1
DA:24,1
DA:25,1
DA:28,1
DA:29,1
DA:31,1
DA:32,0
DA:35,1
DA:36,1
DA:38,1
DA:40,1
DA:42,1
LF:20
LH:17
BRDA:20,0,0,1
BRDA:31,1,0,0
BRDA:31,1,1,1
BRDA:31,2,0,1
BRDA:31,2,1,1
BRF:5
BRH:4
end_of_record
TN:
SF:src/parsers.js
FN:5,(anonymous_0)
FNF:1
FNH:1
FNDA:2,(anonymous_0)
DA:5,1
DA:6,2
DA:7,2
DA:9,0
LF:4
LH:3
BRDA:6,0,0,2
BRDA:6,0,1,0
BRF:2
BRH:1
end_of_record
TN:
SF:src/formatters/index.js
FN:3,(anonymous_0)
FNF:1
FNH:1
FNDA:1,(anonymous_0)
DA:3,1
DA:4,1
DA:6,1
DA:8,0
LF:4
LH:3
BRDA:4,0,0,1
BRDA:4,0,1,0
BRF:2
BRH:1
end_of_record
TN:
SF:src/formatters/stylish.js
FN:1,(anonymous_0)
FN:2,(anonymous_1)
FN:8,(anonymous_2)
FNF:3
FNH:3
FNDA:1,(anonymous_0)
FNDA:6,(anonymous_1)
FNDA:5,(anonymous_2)
DA:1,1
DA:2,1
DA:3,6
DA:8,1
DA:9,5
DA:11,1
DA:13,2
DA:15,1
DA:20,1
DA:22,0
DA:26,1
LF:11
LH:10
BRDA:3,0,0,0
BRDA:3,0,1,6
BRDA:3,1,0,6
BRDA:3,1,1,0
BRDA:9,2,0,1
BRDA:9,2,1,2
BRDA:9,2,2,1
BRDA:9,2,3,1
BRDA:9,2,4,0
BRF:9
BRH:6
end_of_record
TN:
SF:src/utils/diff.js
FN:1,(anonymous_0)
FN:4,(anonymous_1)
FNF:2
FNH:2
FNDA:1,(anonymous_0)
FNDA:5,(anonymous_1)
DA:1,1
DA:2,1
DA:4,1
DA:5,5
DA:6,1
DA:8,4
DA:9,2
DA:11,2
DA:12,1
DA:14,1
LF:10
LH:10
BRDA:5,0,0,1
BRDA:5,0,1,4
BRDA:8,1,0,2
BRDA:8,1,1,2
BRDA:11,2,0,1
BRDA:11,2,1,1
BRF:6
BRH:6
end_of_record
