TN:
SF:src/diffTree.js
FN:3,(anonymous_0)
FN:6,(anonymous_1)
FNF:2
FNH:2
FNDA:17,(anonymous_0)
FNDA:64,(anonymous_1)
DA:3,1
DA:4,17
DA:6,17
DA:7,64
DA:8,64
DA:10,64
DA:11,10
DA:14,54
DA:15,17
DA:18,37
DA:19,12
DA:22,25
DA:23,14
DA:26,11
LF:14
LH:14
BRDA:10,0,0,10
BRDA:10,0,1,54
BRDA:14,1,0,17
BRDA:14,1,1,37
BRDA:18,2,0,12
BRDA:18,2,1,25
BRDA:18,3,0,37
BRDA:18,3,1,15
BRDA:22,4,0,14
BRDA:22,4,1,11
BRF:10
BRH:10
end_of_record
TN:
SF:src/genDiff.js
FN:8,(anonymous_0)
FN:21,(anonymous_1)
FN:23,genDiff
FNF:3
FNH:3
FNDA:10,(anonymous_0)
FNDA:10,(anonymous_1)
FNDA:5,genDiff
DA:8,1
DA:12,10
DA:14,10
DA:16,0
DA:17,0
DA:21,10
DA:24,5
DA:25,5
DA:27,5
DA:28,5
DA:31,5
DA:32,5
DA:36,5
DA:37,0
DA:40,5
DA:41,5
DA:45,5
DA:46,5
LF:18
LH:15
BRDA:23,0,0,2
BRDA:36,1,0,0
BRDA:36,1,1,5
BRDA:36,2,0,5
BRDA:36,2,1,5
BRF:5
BRH:4
end_of_record
TN:
SF:src/parsers.js
FN:4,(anonymous_0)
FNF:1
FNH:1
FNDA:10,(anonymous_0)
DA:4,1
DA:5,10
DA:6,10
DA:7,8
DA:10,2
DA:11,2
DA:14,0
LF:7
LH:6
BRDA:6,0,0,8
BRDA:6,0,1,2
BRDA:10,1,0,2
BRDA:10,1,1,0
BRDA:10,2,0,2
BRDA:10,2,1,0
BRF:6
BRH:4
end_of_record
TN:
SF:src/formatters/index.js
FN:5,(anonymous_0)
FNF:1
FNH:1
FNDA:5,(anonymous_0)
DA:6,5
DA:8,3
DA:10,1
DA:12,1
DA:14,0
LF:5
LH:4
BRDA:6,0,0,3
BRDA:6,0,1,1
BRDA:6,0,2,1
BRDA:6,0,3,0
BRF:4
BRH:3
end_of_record
TN:
SF:src/formatters/json.js
FN:1,(anonymous_0)
FNF:1
FNH:1
FNDA:1,(anonymous_0)
DA:1,1
LF:1
LH:1
BRF:0
BRH:0
end_of_record
TN:
SF:src/formatters/plain.js
FN:3,(anonymous_0)
FN:9,(anonymous_1)
FN:10,(anonymous_2)
FNF:3
FNH:3
FNDA:13,(anonymous_0)
FNDA:5,(anonymous_1)
FNDA:18,(anonymous_2)
DA:3,1
DA:4,13
DA:5,10
DA:6,3
DA:9,1
DA:10,5
DA:11,18
DA:13,18
DA:15,4
DA:18,5
DA:21,2
DA:24,4
DA:27,3
DA:30,0
DA:34,5
LF:15
LH:14
BRDA:4,0,0,3
BRDA:4,0,1,10
BRDA:5,1,0,7
BRDA:5,1,1,3
BRDA:9,2,0,1
BRDA:11,3,0,14
BRDA:11,3,1,4
BRDA:13,4,0,4
BRDA:13,4,1,5
BRDA:13,4,2,2
BRDA:13,4,3,4
BRDA:13,4,4,3
BRDA:13,4,5,0
BRF:13
BRH:12
end_of_record
TN:
SF:src/formatters/stylish.js
FN:4,(anonymous_0)
FN:6,(anonymous_1)
FN:9,(anonymous_2)
FN:15,(anonymous_3)
FN:22,(anonymous_4)
FN:23,(anonymous_5)
FNF:6
FNH:6
FNDA:43,(anonymous_0)
FNDA:14,(anonymous_1)
FNDA:39,(anonymous_2)
FNDA:9,(anonymous_3)
FNDA:7,(anonymous_4)
FNDA:28,(anonymous_5)
DA:3,1
DA:4,1
DA:5,43
DA:6,1
DA:7,14
DA:9,1
DA:10,39
DA:11,32
DA:14,7
DA:16,9
DA:19,7
DA:22,1
DA:23,7
DA:26,28
DA:28,28
DA:30,4
DA:32,7
DA:34,6
DA:36,5
DA:38,6
DA:43,0
DA:47,7
LF:22
LH:21
BRDA:4,0,0,18
BRDA:10,1,0,32
BRDA:10,1,1,7
BRDA:22,2,0,3
BRDA:28,3,0,4
BRDA:28,3,1,7
BRDA:28,3,2,6
BRDA:28,3,3,5
BRDA:28,3,4,6
BRDA:28,3,5,0
BRF:10
BRH:9
end_of_record
TN:
SF:src/utils/diff.js
FN:1,(anonymous_0)
FN:4,(anonymous_1)
FNF:2
FNH:0
FNDA:0,(anonymous_0)
FNDA:0,(anonymous_1)
DA:1,0
DA:2,0
DA:4,0
DA:5,0
DA:6,0
DA:8,0
DA:9,0
DA:11,0
DA:12,0
DA:14,0
LF:10
LH:0
BRDA:5,0,0,0
BRDA:5,0,1,0
BRDA:8,1,0,0
BRDA:8,1,1,0
BRDA:11,2,0,0
BRDA:11,2,1,0
BRF:6
BRH:0
end_of_record
